<?xml version="1.0" encoding="UTF-8" ?>
<testsuite tests="25" failures="0" name="TesterTodos" time="198.224" errors="0" skipped="0">
  <properties>
[...]
</properties>
  <testcase classname="TesterTodos" name="restaBienCombo" time="2.293"/>
  <testcase classname="TesterTodos" name="restaBienRadio" time="1.7"/>
  <testcase classname="TesterTodos" name="vuelveBlancoCajaTextoBotones" time="6.256"/>
  <testcase classname="TesterTodos" name="multiplicaBienBotones" time="1.263"/>
  <testcase classname="TesterTodos" name="errorCajaTextoLetrasYVaciosCombos" time="37.096"/>
  <testcase classname="TesterTodos" name="multiplicaBienCombo" time="1.903"/>
  <testcase classname="TesterTodos" name="multiplicaBienRadio" time="1.716"/>
  <testcase classname="TesterTodos" name="errorDecimalesBotones" time="11.482"/>
  <testcase classname="TesterTodos" name="errorCajaTextoLetrasYVaciosRadios" time="38.39"/>
  <testcase classname="TesterTodos" name="divideBienCombo" time="1.919"/>
  <testcase classname="TesterTodos" name="divideBienRadio" time="1.716"/>
  <testcase classname="TesterTodos" name="multiplicaBienDecimalesRadio" time="1.95"/>
  <testcase classname="TesterTodos" name="restaBienDecimalesRadio" time="1.966"/>
  <testcase classname="TesterTodos" name="divideBienDecimalesRadio" time="1.934"/>
  <testcase classname="TesterTodos" name="sumaBienDecimalesRadio" time="1.965"/>
  <testcase classname="TesterTodos" name="errorDecimalesCombos" time="15.413"/>
  <testcase classname="TesterTodos" name="sumaBienCombo" time="1.669"/>
  <testcase classname="TesterTodos" name="sumaBienRadio" time="1.7"/>
  <testcase classname="TesterTodos" name="errorCajaTextoLetrasYVaciosBotones" time="30.997"/>
  <testcase classname="TesterTodos" name="errorDecimalesRadios" time="15.209"/>
  <testcase classname="TesterTodos" name="sumaBienBotones" time="1.217"/>
  <testcase classname="TesterTodos" name="vuelveBlancoCajaTextoCombos" time="8.284"/>
  <testcase classname="TesterTodos" name="divideBienBotones" time="1.247"/>
  <testcase classname="TesterTodos" name="vuelveBlancoCajaTextoRadios" time="7.597"/>
  <testcase classname="TesterTodos" name="restaBienBotones" time="1.264"/>
</testsuite>